<?xml version="1.0" encoding="UTF-8"?>
<!-- Generated by org.testng.reporters.JUnitReportReporter -->
<testsuite hostname="DESKTOP-N0BUBRI" failures="0" tests="1" name="com.yourorganization.maven_sample.LogicPositivizer" time="23.012" errors="0" timestamp="10 Aug 2021 11:39:42 GMT">
  <testcase classname="com.yourorganization.maven_sample.LogicPositivizer" name="openapp" time="23.012"/>
</testsuite> <!-- com.yourorganization.maven_sample.LogicPositivizer -->
