<?xml version="1.0" encoding="UTF-8"?>
<!-- Generated by org.testng.reporters.JUnitReportReporter -->
<testsuite hostname="DESKTOP-N0BUBRI" failures="0" tests="1" name="com.yourorganization.maven_sample.FifthUser" time="22.558" errors="0" timestamp="10 Aug 2021 05:48:45 GMT">
  <testcase classname="com.yourorganization.maven_sample.FifthUser" name="openapp" time="22.558"/>
</testsuite> <!-- com.yourorganization.maven_sample.FifthUser -->
