<?xml version="1.0" encoding="UTF-8"?>
<!-- Generated by org.testng.reporters.JUnitReportReporter -->
<testsuite hostname="DESKTOP-N0BUBRI" failures="0" tests="1" name="com.yourorganization.maven_sample.SecondUser" time="26.138" errors="0" timestamp="16 Aug 2021 06:32:22 GMT">
  <testcase classname="com.yourorganization.maven_sample.SecondUser" name="openapp" time="26.138"/>
</testsuite> <!-- com.yourorganization.maven_sample.SecondUser -->
