<?xml version="1.0" encoding="UTF-8"?>
<!-- Generated by org.testng.reporters.JUnitReportReporter -->
<testsuite hostname="DESKTOP-N0BUBRI" failures="0" tests="1" name="com.yourorganization.maven_sample.LogicPositivizer" time="20.007" errors="0" timestamp="10 Aug 2021 04:31:23 GMT">
  <testcase classname="com.yourorganization.maven_sample.LogicPositivizer" name="openapp" time="20.007"/>
</testsuite> <!-- com.yourorganization.maven_sample.LogicPositivizer -->
