<?xml version="1.0" encoding="UTF-8"?>
<!-- Generated by org.testng.reporters.JUnitReportReporter -->
<testsuite hostname="DESKTOP-N0BUBRI" failures="0" tests="1" name="com.yourorganization.maven_sample.ThirdUser" time="24.835" errors="0" timestamp="18 Aug 2021 10:26:04 GMT">
  <testcase classname="com.yourorganization.maven_sample.ThirdUser" name="openapp" time="24.835"/>
</testsuite> <!-- com.yourorganization.maven_sample.ThirdUser -->
