<?xml version="1.0" encoding="UTF-8"?>
<!-- Generated by org.testng.reporters.JUnitReportReporter -->
<testsuite hostname="DESKTOP-N0BUBRI" failures="0" tests="1" name="com.yourorganization.maven_sample.LogicPositivizer" time="0.084" errors="0" timestamp="26 Aug 2021 06:38:36 GMT">
  <testcase classname="com.yourorganization.maven_sample.LogicPositivizer" name="openapp" time="0.084"/>
</testsuite> <!-- com.yourorganization.maven_sample.LogicPositivizer -->
